Determining if the pthread_create exist failed with the following output:
Change Dir: /home/chake/C++/hacker_rank/practice/data_structures/CMakeFiles/CMakeTmp

Run Build Command:"/usr/bin/make" "cmTC_ee769/fast"
/usr/bin/make -f CMakeFiles/cmTC_ee769.dir/build.make CMakeFiles/cmTC_ee769.dir/build
make[1]: Entering directory '/home/chake/C++/hacker_rank/practice/data_structures/CMakeFiles/CMakeTmp'
Building C object CMakeFiles/cmTC_ee769.dir/CheckSymbolExists.c.o
/usr/bin/cc    -o CMakeFiles/cmTC_ee769.dir/CheckSymbolExists.c.o   -c /home/chake/C++/hacker_rank/practice/data_structures/CMakeFiles/CMakeTmp/CheckSymbolExists.c
Linking C executable cmTC_ee769
/usr/bin/cmake -E cmake_link_script CMakeFiles/cmTC_ee769.dir/link.txt --verbose=1
/usr/bin/cc      -rdynamic CMakeFiles/cmTC_ee769.dir/CheckSymbolExists.c.o  -o cmTC_ee769 
CMakeFiles/cmTC_ee769.dir/CheckSymbolExists.c.o: In function `main':
CheckSymbolExists.c:(.text+0x1b): undefined reference to `pthread_create'
collect2: error: ld returned 1 exit status
CMakeFiles/cmTC_ee769.dir/build.make:97: recipe for target 'cmTC_ee769' failed
make[1]: *** [cmTC_ee769] Error 1
make[1]: Leaving directory '/home/chake/C++/hacker_rank/practice/data_structures/CMakeFiles/CMakeTmp'
Makefile:126: recipe for target 'cmTC_ee769/fast' failed
make: *** [cmTC_ee769/fast] Error 2

File /home/chake/C++/hacker_rank/practice/data_structures/CMakeFiles/CMakeTmp/CheckSymbolExists.c:
/* */
#include <pthread.h>

int main(int argc, char** argv)
{
  (void)argv;
#ifndef pthread_create
  return ((int*)(&pthread_create))[argc];
#else
  (void)argc;
  return 0;
#endif
}

Determining if the function pthread_create exists in the pthreads failed with the following output:
Change Dir: /home/chake/C++/hacker_rank/practice/data_structures/CMakeFiles/CMakeTmp

Run Build Command:"/usr/bin/make" "cmTC_63972/fast"
/usr/bin/make -f CMakeFiles/cmTC_63972.dir/build.make CMakeFiles/cmTC_63972.dir/build
make[1]: Entering directory '/home/chake/C++/hacker_rank/practice/data_structures/CMakeFiles/CMakeTmp'
Building C object CMakeFiles/cmTC_63972.dir/CheckFunctionExists.c.o
/usr/bin/cc   -DCHECK_FUNCTION_EXISTS=pthread_create   -o CMakeFiles/cmTC_63972.dir/CheckFunctionExists.c.o   -c /usr/share/cmake-3.10/Modules/CheckFunctionExists.c
Linking C executable cmTC_63972
/usr/bin/cmake -E cmake_link_script CMakeFiles/cmTC_63972.dir/link.txt --verbose=1
/usr/bin/cc  -DCHECK_FUNCTION_EXISTS=pthread_create    -rdynamic CMakeFiles/cmTC_63972.dir/CheckFunctionExists.c.o  -o cmTC_63972 -lpthreads 
/usr/bin/ld: cannot find -lpthreads
collect2: error: ld returned 1 exit status
CMakeFiles/cmTC_63972.dir/build.make:97: recipe for target 'cmTC_63972' failed
make[1]: *** [cmTC_63972] Error 1
make[1]: Leaving directory '/home/chake/C++/hacker_rank/practice/data_structures/CMakeFiles/CMakeTmp'
Makefile:126: recipe for target 'cmTC_63972/fast' failed
make: *** [cmTC_63972/fast] Error 2


Determining if the pthread_create exist failed with the following output:
Change Dir: /home/chake/C++/hacker_rank/practice/data_structures/stack/CMakeFiles/CMakeTmp

Run Build Command:"/usr/bin/make" "cmTC_906dd/fast"
/usr/bin/make -f CMakeFiles/cmTC_906dd.dir/build.make CMakeFiles/cmTC_906dd.dir/build
make[1]: Entering directory '/home/chake/C++/hacker_rank/practice/data_structures/stack/CMakeFiles/CMakeTmp'
Building C object CMakeFiles/cmTC_906dd.dir/CheckSymbolExists.c.o
/usr/bin/cc    -o CMakeFiles/cmTC_906dd.dir/CheckSymbolExists.c.o   -c /home/chake/C++/hacker_rank/practice/data_structures/stack/CMakeFiles/CMakeTmp/CheckSymbolExists.c
Linking C executable cmTC_906dd
/usr/bin/cmake -E cmake_link_script CMakeFiles/cmTC_906dd.dir/link.txt --verbose=1
/usr/bin/cc      -rdynamic CMakeFiles/cmTC_906dd.dir/CheckSymbolExists.c.o  -o cmTC_906dd 
CMakeFiles/cmTC_906dd.dir/CheckSymbolExists.c.o: In function `main':
CheckSymbolExists.c:(.text+0x1b): undefined reference to `pthread_create'
collect2: error: ld returned 1 exit status
CMakeFiles/cmTC_906dd.dir/build.make:97: recipe for target 'cmTC_906dd' failed
make[1]: *** [cmTC_906dd] Error 1
make[1]: Leaving directory '/home/chake/C++/hacker_rank/practice/data_structures/stack/CMakeFiles/CMakeTmp'
Makefile:126: recipe for target 'cmTC_906dd/fast' failed
make: *** [cmTC_906dd/fast] Error 2

File /home/chake/C++/hacker_rank/practice/data_structures/stack/CMakeFiles/CMakeTmp/CheckSymbolExists.c:
/* */
#include <pthread.h>

int main(int argc, char** argv)
{
  (void)argv;
#ifndef pthread_create
  return ((int*)(&pthread_create))[argc];
#else
  (void)argc;
  return 0;
#endif
}

Determining if the function pthread_create exists in the pthreads failed with the following output:
Change Dir: /home/chake/C++/hacker_rank/practice/data_structures/stack/CMakeFiles/CMakeTmp

Run Build Command:"/usr/bin/make" "cmTC_8b470/fast"
/usr/bin/make -f CMakeFiles/cmTC_8b470.dir/build.make CMakeFiles/cmTC_8b470.dir/build
make[1]: Entering directory '/home/chake/C++/hacker_rank/practice/data_structures/stack/CMakeFiles/CMakeTmp'
Building C object CMakeFiles/cmTC_8b470.dir/CheckFunctionExists.c.o
/usr/bin/cc   -DCHECK_FUNCTION_EXISTS=pthread_create   -o CMakeFiles/cmTC_8b470.dir/CheckFunctionExists.c.o   -c /usr/share/cmake-3.10/Modules/CheckFunctionExists.c
Linking C executable cmTC_8b470
/usr/bin/cmake -E cmake_link_script CMakeFiles/cmTC_8b470.dir/link.txt --verbose=1
/usr/bin/cc  -DCHECK_FUNCTION_EXISTS=pthread_create    -rdynamic CMakeFiles/cmTC_8b470.dir/CheckFunctionExists.c.o  -o cmTC_8b470 -lpthreads 
/usr/bin/ld: cannot find -lpthreads
collect2: error: ld returned 1 exit status
CMakeFiles/cmTC_8b470.dir/build.make:97: recipe for target 'cmTC_8b470' failed
make[1]: *** [cmTC_8b470] Error 1
make[1]: Leaving directory '/home/chake/C++/hacker_rank/practice/data_structures/stack/CMakeFiles/CMakeTmp'
Makefile:126: recipe for target 'cmTC_8b470/fast' failed
make: *** [cmTC_8b470/fast] Error 2


